[    0.000000] Initializing cgroup subsys cpuset
[    0.000000] Initializing cgroup subsys cpu
[    0.000000] Initializing cgroup subsys cpuacct
[    0.000000] Linux version 4.4.0-179-generic (buildd@lcy01-amd64-014) (gcc version 5.4.0 20160609 (Ubuntu 5.4.0-6ubuntu1~16.04.12) ) #209-Ubuntu SMP Fri Apr 24 17:48:44 UTC 2020 (Ubuntu 4.4.0-179.209-generic 4.4.219)
[    0.000000] Command line: BOOT_IMAGE=/boot/vmlinuz-4.4.0-179-generic root=UUID=e8c36fc6-4c06-466e-87c7-f7e1835398e0 ro console=tty1 console=ttyS0
[    0.000000] KERNEL supported cpus:
[    0.000000]   Intel GenuineIntel
[    0.000000]   AMD AuthenticAMD
[    0.000000]   Centaur CentaurHauls
[    0.000000] [Firmware Bug]: TSC doesn't count with P0 frequency!
[    0.000000] x86/fpu: xstate_offset[2]:  576, xstate_sizes[2]:  256
[    0.000000] x86/fpu: Supporting XSAVE feature 0x01: 'x87 floating point registers'
[    0.000000] x86/fpu: Supporting XSAVE feature 0x02: 'SSE registers'
[    0.000000] x86/fpu: Supporting XSAVE feature 0x04: 'AVX registers'
[    0.000000] x86/fpu: Enabled xstate features 0x7, context size is 832 bytes, using 'standard' format.
[    0.000000] e820: BIOS-provided physical RAM map:
[    0.000000] BIOS-e820: [mem 0x0000000000000000-0x000000000009fbff] usable
[    0.000000] BIOS-e820: [mem 0x000000000009fc00-0x000000000009ffff] reserved
[    0.000000] BIOS-e820: [mem 0x00000000000f0000-0x00000000000fffff] reserved
[    0.000000] BIOS-e820: [mem 0x0000000000100000-0x000000003ffeffff] usable
[    0.000000] BIOS-e820: [mem 0x000000003fff0000-0x000000003fffffff] ACPI data
[    0.000000] BIOS-e820: [mem 0x00000000fec00000-0x00000000fec00fff] reserved
[    0.000000] BIOS-e820: [mem 0x00000000fee00000-0x00000000fee00fff] reserved
[    0.000000] BIOS-e820: [mem 0x00000000fffc0000-0x00000000ffffffff] reserved
[    0.000000] NX (Execute Disable) protection: active
[    0.000000] SMBIOS 2.5 present.
[    0.000000] Hypervisor detected: KVM
[    0.000000] Kernel/User page tables isolation: disabled
[    0.000000] e820: last_pfn = 0x3fff0 max_arch_pfn = 0x400000000
[    0.000000] MTRR: Disabled
[    0.000000] x86/PAT: MTRRs disabled, skipping PAT initialization too.
[    0.000000] CPU MTRRs all blank - virtualized system.
[    0.000000] x86/PAT: Configuration [0-7]: WB  WT  UC- UC  WB  WT  UC- UC  
[    0.000000] found SMP MP-table at [mem 0x0009fff0-0x0009ffff] mapped at [ffff88000009fff0]
[    0.000000] Scanning 1 areas for low memory corruption
[    0.000000] RAMDISK: [mem 0x361c6000-0x370dafff]
[    0.000000] ACPI: Early table checksum verification disabled
[    0.000000] ACPI: RSDP 0x00000000000E0000 000024 (v02 VBOX  )
[    0.000000] ACPI: XSDT 0x000000003FFF0030 00003C (v01 VBOX   VBOXXSDT 00000001 ASL  00000061)
[    0.000000] ACPI: FACP 0x000000003FFF00F0 0000F4 (v04 VBOX   VBOXFACP 00000001 ASL  00000061)
[    0.000000] ACPI: DSDT 0x000000003FFF0470 0022EA (v02 VBOX   VBOXBIOS 00000002 INTL 20100528)
[    0.000000] ACPI: FACS 0x000000003FFF0200 000040
[    0.000000] ACPI: FACS 0x000000003FFF0200 000040
[    0.000000] ACPI: APIC 0x000000003FFF0240 00005C (v02 VBOX   VBOXAPIC 00000001 ASL  00000061)
[    0.000000] ACPI: SSDT 0x000000003FFF02A0 0001CC (v01 VBOX   VBOXCPUT 00000002 INTL 20100528)
[    0.000000] No NUMA configuration found
[    0.000000] Faking a node at [mem 0x0000000000000000-0x000000003ffeffff]
[    0.000000] NODE_DATA(0) allocated [mem 0x3ffeb000-0x3ffeffff]
[    0.000000] kvm-clock: Using msrs 4b564d01 and 4b564d00
[    0.000000] kvm-clock: cpu 0, msr 0:3ffe3001, primary cpu clock
[    0.000000] kvm-clock: using sched offset of 3043327676 cycles
[    0.000000] clocksource: kvm-clock: mask: 0xffffffffffffffff max_cycles: 0x1cd42e4dffb, max_idle_ns: 881590591483 ns
[    0.000000] Zone ranges:
[    0.000000]   DMA      [mem 0x0000000000001000-0x0000000000ffffff]
[    0.000000]   DMA32    [mem 0x0000000001000000-0x000000003ffeffff]
[    0.000000]   Normal   empty
[    0.000000]   Device   empty
[    0.000000] Movable zone start for each node
[    0.000000] Early memory node ranges
[    0.000000]   node   0: [mem 0x0000000000001000-0x000000000009efff]
[    0.000000]   node   0: [mem 0x0000000000100000-0x000000003ffeffff]
[    0.000000] Initmem setup node 0 [mem 0x0000000000001000-0x000000003ffeffff]
[    0.000000] ACPI: PM-Timer IO Port: 0x4008
[    0.000000] IOAPIC[0]: apic_id 2, version 32, address 0xfec00000, GSI 0-23
[    0.000000] ACPI: INT_SRC_OVR (bus 0 bus_irq 0 global_irq 2 dfl dfl)
[    0.000000] ACPI: INT_SRC_OVR (bus 0 bus_irq 9 global_irq 9 low level)
[    0.000000] Using ACPI (MADT) for SMP configuration information
[    0.000000] smpboot: Allowing 2 CPUs, 0 hotplug CPUs
[    0.000000] PM: Registered nosave memory: [mem 0x00000000-0x00000fff]
[    0.000000] PM: Registered nosave memory: [mem 0x0009f000-0x0009ffff]
[    0.000000] PM: Registered nosave memory: [mem 0x000a0000-0x000effff]
[    0.000000] PM: Registered nosave memory: [mem 0x000f0000-0x000fffff]
[    0.000000] e820: [mem 0x40000000-0xfebfffff] available for PCI devices
[    0.000000] Booting paravirtualized kernel on KVM
[    0.000000] clocksource: refined-jiffies: mask: 0xffffffff max_cycles: 0xffffffff, max_idle_ns: 7645519600211568 ns
[    0.000000] setup_percpu: NR_CPUS:512 nr_cpumask_bits:512 nr_cpu_ids:2 nr_node_ids:1
[    0.000000] PERCPU: Embedded 33 pages/cpu @ffff88003fc00000 s95448 r8192 d31528 u1048576
[    0.000000] Built 1 zonelists in Node order, mobility grouping on.  Total pages: 257912
[    0.000000] Policy zone: DMA32
[    0.000000] Kernel command line: BOOT_IMAGE=/boot/vmlinuz-4.4.0-179-generic root=UUID=e8c36fc6-4c06-466e-87c7-f7e1835398e0 ro console=tty1 console=ttyS0
[    0.000000] PID hash table entries: 4096 (order: 3, 32768 bytes)
[    0.000000] Memory: 997108K/1048120K available (8630K kernel code, 1336K rwdata, 4036K rodata, 1488K init, 1292K bss, 51012K reserved, 0K cma-reserved)
[    0.000000] SLUB: HWalign=64, Order=0-3, MinObjects=0, CPUs=2, Nodes=1
[    0.000000] Hierarchical RCU implementation.
[    0.000000] 	Build-time adjustment of leaf fanout to 64.
[    0.000000] 	RCU restricting CPUs from NR_CPUS=512 to nr_cpu_ids=2.
[    0.000000] RCU: Adjusting geometry for rcu_fanout_leaf=64, nr_cpu_ids=2
[    0.000000] NR_IRQS:33024 nr_irqs:440 16
[    0.000000] Console: colour VGA+ 80x25
[    0.000000] console [tty1] enabled
[    0.000000] console [ttyS0] enabled
[    0.000000] tsc: Detected 3600.002 MHz processor
[    0.100686] Calibrating delay loop (skipped) preset value.. 7200.00 BogoMIPS (lpj=14400008)
[    0.101911] pid_max: default: 32768 minimum: 301
[    0.102567] ACPI: Core revision 20150930
[    0.103843] ACPI: 2 ACPI AML tables successfully acquired and loaded
[    0.104771] Security Framework initialized
[    0.105368] Yama: becoming mindful.
[    0.105914] AppArmor: AppArmor initialized
[    0.106557] Dentry cache hash table entries: 131072 (order: 8, 1048576 bytes)
[    0.107576] Inode-cache hash table entries: 65536 (order: 7, 524288 bytes)
[    0.109109] Mount-cache hash table entries: 2048 (order: 2, 16384 bytes)
[    0.109970] Mountpoint-cache hash table entries: 2048 (order: 2, 16384 bytes)
[    0.110970] Initializing cgroup subsys io
[    0.111567] Initializing cgroup subsys memory
[    0.112194] Initializing cgroup subsys devices
[    0.112830] Initializing cgroup subsys freezer
[    0.113469] Initializing cgroup subsys net_cls
[    0.114099] Initializing cgroup subsys perf_event
[    0.114758] Initializing cgroup subsys net_prio
[    0.115413] Initializing cgroup subsys hugetlb
[    0.116044] Initializing cgroup subsys pids
[    0.123766] mce: CPU supports 0 MCE banks
[    0.124401] Last level iTLB entries: 4KB 1024, 2MB 1024, 4MB 512
[    0.125219] Last level dTLB entries: 4KB 2048, 2MB 2048, 4MB 1024, 1GB 0
[    0.126103] Spectre V1 : Mitigation: usercopy/swapgs barriers and __user pointer sanitization
[    0.127323] Spectre V2 : Spectre mitigation: LFENCE not serializing, switching to generic retpoline
[    0.128580] Spectre V2 : Mitigation: Full generic retpoline
[    0.129347] Spectre V2 : Spectre v2 / SpectreRSB mitigation: Filling RSB on context switch
[    0.130565] Speculative Store Bypass: Mitigation: Speculative Store Bypass disabled via prctl and seccomp
[    0.133958] Freeing SMP alternatives memory: 36K
[    0.139547] ftrace: allocating 32313 entries in 127 pages
[    0.190913] smpboot: APIC(0) Converting physical 0 to logical package 0
[    0.191822] smpboot: Max logical packages: 1
[    0.192663] x2apic enabled
[    0.193319] Switched APIC routing to physical x2apic.
[    0.194936] ..TIMER: vector=0x30 apic1=0 pin1=2 apic2=-1 pin2=-1
[    0.303792] APIC calibration not consistent with PM-Timer: 108ms instead of 100ms
[    0.304903] APIC delta adjusted to PM-Timer: 6359303 (6876410)
[    0.305730] smpboot: CPU0: AMD Ryzen 5 3600 6-Core Processor (family: 0x17, model: 0x71, stepping: 0x0)
[    0.307169] Performance Events: Broken PMU hardware detected, using software events only.
[    0.308393] Failed to access perfctr msr (MSR c0010007 is 0)
[    0.314742] KVM setup paravirtual spinlock
[    0.315911] x86: Booting SMP configuration:
[    0.316551] .... node  #0, CPUs:      #1
[    0.317251] kvm-clock: cpu 1, msr 0:3ffe3041, secondary cpu clock
[    0.324977] mce: CPU supports 0 MCE banks
[    0.327376] x86: Booted up 1 node, 2 CPUs
[    0.328132] smpboot: Total of 2 processors activated (14400.00 BogoMIPS)
[    0.329274] devtmpfs: initialized
[    0.331277] evm: security.selinux
[    0.331828] evm: security.SMACK64
[    0.332387] evm: security.SMACK64EXEC
[    0.332978] evm: security.SMACK64TRANSMUTE
[    0.333606] evm: security.SMACK64MMAP
[    0.334199] evm: security.ima
[    0.334705] evm: security.capability
[    0.336040] clocksource: jiffies: mask: 0xffffffff max_cycles: 0xffffffff, max_idle_ns: 7645041785100000 ns
[    0.337422] futex hash table entries: 512 (order: 3, 32768 bytes)
[    0.338346] pinctrl core: initialized pinctrl subsystem
[    0.339171] RTC time:  4:46:44, date: 05/29/20
[    0.340044] NET: Registered protocol family 16
[    0.349583] cpuidle: using governor ladder
[    0.359362] cpuidle: using governor menu
[    0.359964] PCCT header not found.
[    0.360766] ACPI: bus type PCI registered
[    0.361393] acpiphp: ACPI Hot Plug PCI Controller Driver version: 0.5
[    0.362361] PCI: Using configuration type 1 for base access
[    0.363150] PCI: Using configuration type 1 for extended access
[    0.373438] ACPI: Added _OSI(Module Device)
[    0.374053] ACPI: Added _OSI(Processor Device)
[    0.374688] ACPI: Added _OSI(3.0 _SCP Extensions)
[    0.375361] ACPI: Added _OSI(Processor Aggregator Device)
[    0.376501] ACPI: Executed 1 blocks of module-level executable AML code
[    0.378704] ACPI: Interpreter enabled
[    0.379328] ACPI: (supports S0 S5)
[    0.379885] ACPI: Using IOAPIC for interrupt routing
[    0.380721] PCI: Using host bridge windows from ACPI; if necessary, use "pci=nocrs" and report a bug
[    0.384267] ACPI: PCI Root Bridge [PCI0] (domain 0000 [bus 00-ff])
[    0.385122] acpi PNP0A03:00: _OSC: OS supports [ExtendedConfig ASPM ClockPM Segments MSI]
[    0.386736] acpi PNP0A03:00: _OSC: platform does not support [PCIeCapability]
[    0.387862] acpi PNP0A03:00: _OSC: not requesting control; platform does not support [PCIeCapability]
[    0.389198] acpi PNP0A03:00: _OSC: OS requested [PCIeHotplug PME AER PCIeCapability]
[    0.390363] acpi PNP0A03:00: _OSC: platform willing to grant [PCIeHotplug PME AER]
[    0.398666] acpi PNP0A03:00: _OSC failed (AE_SUPPORT); disabling ASPM
[    0.399726] PCI host bridge to bus 0000:00
[    0.400369] pci_bus 0000:00: root bus resource [io  0x0000-0x0cf7 window]
[    0.401281] pci_bus 0000:00: root bus resource [io  0x0d00-0xffff window]
[    0.402174] pci_bus 0000:00: root bus resource [mem 0x000a0000-0x000bffff window]
[    0.403297] pci_bus 0000:00: root bus resource [mem 0x40000000-0xfdffffff window]
[    0.404423] pci_bus 0000:00: root bus resource [bus 00-ff]
[    0.406545] pci 0000:00:01.1: legacy IDE quirk: reg 0x10: [io  0x01f0-0x01f7]
[    0.407471] pci 0000:00:01.1: legacy IDE quirk: reg 0x14: [io  0x03f6]
[    0.408351] pci 0000:00:01.1: legacy IDE quirk: reg 0x18: [io  0x0170-0x0177]
[    0.409295] pci 0000:00:01.1: legacy IDE quirk: reg 0x1c: [io  0x0376]
[    0.418192] pci 0000:00:07.0: quirk: [io  0x4000-0x403f] claimed by PIIX4 ACPI
[    0.419339] pci 0000:00:07.0: quirk: [io  0x4100-0x410f] claimed by PIIX4 SMB
[    0.424955] ACPI: PCI Interrupt Link [LNKA] (IRQs 5 9 10 *11)
[    0.426195] ACPI: PCI Interrupt Link [LNKB] (IRQs 5 9 *10 11)
[    0.427360] ACPI: PCI Interrupt Link [LNKC] (IRQs 5 *9 10 11)
[    0.428510] ACPI: PCI Interrupt Link [LNKD] (IRQs 5 9 10 *11)
[    0.429747] ACPI: Enabled 2 GPEs in block 00 to 07
[    0.430824] vgaarb: setting as boot device: PCI:0000:00:02.0
[    0.431615] vgaarb: device added: PCI:0000:00:02.0,decodes=io+mem,owns=io+mem,locks=none
[    0.432782] vgaarb: loaded
[    0.433256] vgaarb: bridge control possible 0000:00:02.0
[    0.434155] SCSI subsystem initialized
[    0.434821] ACPI: bus type USB registered
[    0.435441] usbcore: registered new interface driver usbfs
[    0.436203] usbcore: registered new interface driver hub
[    0.436968] usbcore: registered new device driver usb
[    0.437863] PCI: Using ACPI for IRQ routing
[    0.438708] NetLabel: Initializing
[    0.439245] NetLabel:  domain hash size = 128
[    0.439904] NetLabel:  protocols = UNLABELED CIPSOv4
[    0.440632] NetLabel:  unlabeled traffic allowed by default
[    0.441544] amd_nb: Cannot enumerate AMD northbridges
[    0.442343] clocksource: Switched to clocksource kvm-clock
[    0.447972] AppArmor: AppArmor Filesystem Enabled
[    0.448744] pnp: PnP ACPI init
[    0.449781] pnp: PnP ACPI: found 3 devices
[    0.458836] clocksource: acpi_pm: mask: 0xffffff max_cycles: 0xffffff, max_idle_ns: 2085701024 ns
[    0.460126] NET: Registered protocol family 2
[    0.460867] TCP established hash table entries: 8192 (order: 4, 65536 bytes)
[    0.461794] TCP bind hash table entries: 8192 (order: 5, 131072 bytes)
[    0.462670] TCP: Hash tables configured (established 8192 bind 8192)
[    0.464302] UDP hash table entries: 512 (order: 2, 16384 bytes)
[    0.465121] UDP-Lite hash table entries: 512 (order: 2, 16384 bytes)
[    0.465999] NET: Registered protocol family 1
[    0.466649] pci 0000:00:00.0: Limiting direct PCI/PCI transfers
[    0.467434] pci 0000:00:01.0: Activating ISA DMA hang workarounds
[    0.468348] Unpacking initramfs...
[    0.641836] Freeing initrd memory: 15444K
[    0.642524] clocksource: tsc: mask: 0xffffffffffffffff max_cycles: 0x33e4559ce44, max_idle_ns: 440795364889 ns
[    0.643948] platform rtc_cmos: registered platform RTC device (no PNP device found)
[    0.645080] Scanning for low memory corruption every 60 seconds
[    0.646664] audit: initializing netlink subsys (disabled)
[    0.647416] audit: type=2000 audit(1590727608.728:1): initialized
[    0.648422] Initialise system trusted keyring
[    0.649279] HugeTLB registered 2 MB page size, pre-allocated 0 pages
[    0.650868] zbud: loaded
[    0.651642] VFS: Disk quotas dquot_6.6.0
[    0.652246] VFS: Dquot-cache hash table entries: 512 (order 0, 4096 bytes)
[    0.653251] squashfs: version 4.0 (2009/01/31) Phillip Lougher
[    0.654197] fuse init (API version 7.23)
[    0.654982] Key type big_key registered
[    0.655597] Allocating IMA MOK and blacklist keyrings.
[    0.657105] Key type asymmetric registered
[    0.657704] Asymmetric key parser 'x509' registered
[    0.658386] Block layer SCSI generic (bsg) driver version 0.4 loaded (major 249)
[    0.659481] io scheduler noop registered
[    0.660052] io scheduler deadline registered (default)
[    0.660749] io scheduler cfq registered
[    0.661376] pci_hotplug: PCI Hot Plug PCI Core version: 0.5
[    0.662114] pciehp: PCI Express Hot Plug Controller Driver version: 0.4
[    0.663005] ACPI: AC Adapter [AC] (on-line)
[    0.663659] input: Power Button as /devices/LNXSYSTM:00/LNXPWRBN:00/input/input0
[    0.664727] ACPI: Power Button [PWRF]
[    0.665331] input: Sleep Button as /devices/LNXSYSTM:00/LNXSLPBN:00/input/input1
[    0.666448] ACPI: Sleep Button [SLPF]
[    0.667169] GHES: HEST is not enabled!
[    0.667855] Serial: 8250/16550 driver, 32 ports, IRQ sharing enabled
[    0.689143] 00:02: ttyS0 at I/O 0x3f8 (irq = 4, base_baud = 115200) is a 16550A
[    0.691734] Linux agpgart interface v0.103
[    0.693297] loop: module loaded
[    0.694190] scsi host0: ata_piix
[    0.694858] scsi host1: ata_piix
[    0.695426] ata1: PATA max UDMA/33 cmd 0x1f0 ctl 0x3f6 bmdma 0xd000 irq 14
[    0.696362] ata2: PATA max UDMA/33 cmd 0x170 ctl 0x376 bmdma 0xd008 irq 15
[    0.697340] libphy: Fixed MDIO Bus: probed
[    0.697982] tun: Universal TUN/TAP device driver, 1.6
[    0.698734] tun: (C) 1999-2004 Max Krasnyansky <maxk@qualcomm.com>
[    0.699629] PPP generic driver version 2.4.2
[    0.700341] ehci_hcd: USB 2.0 'Enhanced' Host Controller (EHCI) Driver
[    0.701220] ehci-pci: EHCI PCI platform driver
[    0.701882] ehci-platform: EHCI generic platform driver
[    0.702636] ohci_hcd: USB 1.1 'Open' Host Controller (OHCI) Driver
[    0.703497] ohci-pci: OHCI PCI platform driver
[    0.704166] ohci-platform: OHCI generic platform driver
[    0.704918] uhci_hcd: USB Universal Host Controller Interface driver
[    0.705810] i8042: PNP: PS/2 Controller [PNP0303:PS2K,PNP0f03:PS2M] at 0x60,0x64 irq 1,12
[    0.707419] serio: i8042 KBD port at 0x60,0x64 irq 1
[    0.708124] serio: i8042 AUX port at 0x60,0x64 irq 12
[    0.708957] mousedev: PS/2 mouse device common for all mice
[    0.710212] input: AT Translated Set 2 keyboard as /devices/platform/i8042/serio0/input/input2
[    0.711478] rtc_cmos rtc_cmos: rtc core: registered rtc_cmos as rtc0
[    0.712470] rtc_cmos rtc_cmos: alarms up to one day, 114 bytes nvram
[    0.713338] i2c /dev entries driver
[    0.713939] device-mapper: uevent: version 1.0.3
[    0.714687] device-mapper: ioctl: 4.34.0-ioctl (2015-10-28) initialised: dm-devel@redhat.com
[    0.715948] ledtrig-cpu: registered to indicate activity on CPUs
[    0.717178] NET: Registered protocol family 10
[    0.717986] NET: Registered protocol family 17
[    0.718641] Key type dns_resolver registered
[    0.719551] registered taskstats version 1
[    0.720174] Loading compiled-in X.509 certificates
[    0.721227] Loaded X.509 cert 'Build time autogenerated kernel key: a9e5689415cbbea5b40a198600f217117afda70c'
[    0.722591] zswap: loaded using pool lzo/zbud
[    0.724582] Key type trusted registered
[    0.727404] Key type encrypted registered
[    0.728032] AppArmor: AppArmor sha1 policy hashing enabled
[    0.728803] ima: No TPM chip found, activating TPM-bypass!
[    0.729565] ima: Allocated hash algorithm: sha1
[    0.730227] evm: HMAC attrs: 0x1
[    0.731039]   Magic number: 4:830:768
[    0.731684] rtc_cmos rtc_cmos: setting system clock to 2020-05-29 04:46:44 UTC (1590727604)
[    0.732968] BIOS EDD facility v0.16 2004-Jun-25, 0 devices found
[    0.733801] EDD information not available.
[    0.920088] Freeing unused kernel memory: 1488K
[    0.920776] Write protecting the kernel read-only data: 14336k
[    0.921983] Freeing unused kernel memory: 1600K
[    0.922779] Freeing unused kernel memory: 60K
Loading, please wait...
starting version 229
[    0.931964] random: systemd-udevd: uninitialized urandom read (16 bytes read, 3 bits of entropy available)
[    0.932301] random: udevadm: uninitialized urandom read (16 bytes read, 3 bits of entropy available)
[    0.932316] random: udevadm: uninitialized urandom read (16 bytes read, 3 bits of entropy available)
[    0.936073] random: systemd-udevd: uninitialized urandom read (16 bytes read, 3 bits of entropy available)
[    0.937443] random: systemd-udevd: uninitialized urandom read (16 bytes read, 3 bits of entropy available)
[    0.937569] random: udevadm: uninitialized urandom read (16 bytes read, 3 bits of entropy available)
[    0.937602] random: udevadm: uninitialized urandom read (16 bytes read, 3 bits of entropy available)
[    0.937690] random: udevadm: uninitialized urandom read (16 bytes read, 3 bits of entropy available)
[    0.937722] random: udevadm: uninitialized urandom read (16 bytes read, 3 bits of entropy available)
[    0.937756] random: udevadm: uninitialized urandom read (16 bytes read, 3 bits of entropy available)
[    0.967246] Fusion MPT base driver 3.04.20
[    0.967928] Copyright (c) 1999-2008 LSI Corporation
[    0.980001] Fusion MPT SPI Host driver 3.04.20
[    0.981330] e1000: Intel(R) PRO/1000 Network Driver - version 7.3.21-k8-NAPI
[    0.982274] e1000: Copyright (c) 1999-2006 Intel Corporation.
[    0.984756] AVX2 version of gcm_enc/dec engaged.
[    0.985452] AES CTR mode by8 optimization enabled
[    0.989746] mptbase: ioc0: Initiating bringup
[    1.054837] ioc0: LSI53C1030 A0: Capabilities={Initiator}
[    1.177198] input: ImExPS/2 Generic Explorer Mouse as /devices/platform/i8042/serio1/input/input4
[    1.219891] scsi host2: ioc0: LSI53C1030 A0, FwRev=00000000h, Ports=1, MaxQ=256, IRQ=20
[    1.818825] scsi 2:0:0:0: Direct-Access     VBOX     HARDDISK         1.0  PQ: 0 ANSI: 5
[    1.820026] scsi target2:0:0: Beginning Domain Validation
[    1.828262] scsi target2:0:0: Domain Validation skipping write tests
[    1.829128] scsi target2:0:0: Ending Domain Validation
[    1.829908] scsi target2:0:0: asynchronous
[    1.830786] scsi 2:0:1:0: Direct-Access     VBOX     HARDDISK         1.0  PQ: 0 ANSI: 5
[    1.831996] scsi target2:0:1: Beginning Domain Validation
[    1.833381] scsi target2:0:1: Domain Validation skipping write tests
[    1.834241] scsi target2:0:1: Ending Domain Validation
[    1.835000] scsi target2:0:1: asynchronous
[    1.839292] sd 2:0:0:0: Attached scsi generic sg0 type 0
[    1.840260] sd 2:0:1:0: Attached scsi generic sg1 type 0
[    1.840391] sd 2:0:0:0: [sda] 20971520 512-byte logical blocks: (10.7 GB/10.0 GiB)
[    1.842260] sd 2:0:1:0: [sdb] 20480 512-byte logical blocks: (10.5 MB/10.0 MiB)
[    1.842294] sd 2:0:0:0: [sda] Write Protect is off
[    1.844172] sd 2:0:0:0: [sda] Incomplete mode parameter data
[    1.844250] sd 2:0:1:0: [sdb] Write Protect is off
[    1.844301] sd 2:0:1:0: [sdb] Incomplete mode parameter data
[    1.844302] sd 2:0:1:0: [sdb] Assuming drive cache: write through
[    1.846750] sd 2:0:1:0: [sdb] Attached SCSI disk
[    1.848012] sd 2:0:0:0: [sda] Assuming drive cache: write through
[    1.850000]  sda: sda1
[    1.850990] sd 2:0:0:0: [sda] Attached SCSI disk
[    2.161649] e1000 0000:00:03.0 eth0: (PCI:33MHz:32-bit) 02:38:f8:91:fa:5a
[    2.162557] e1000 0000:00:03.0 eth0: Intel(R) PRO/1000 Network Connection
[    2.493550] e1000 0000:00:08.0 eth1: (PCI:33MHz:32-bit) 08:00:27:d6:74:62
[    2.494478] e1000 0000:00:08.0 eth1: Intel(R) PRO/1000 Network Connection
[    2.496120] e1000 0000:00:08.0 enp0s8: renamed from eth1
[    2.511005] e1000 0000:00:03.0 enp0s3: renamed from eth0
Begin: Loading essential drivers ... [    3.762586] md: linear personality registered for level -1
[    3.764734] md: multipath personality registered for level -4
[    3.766846] md: raid0 personality registered for level 0
[    3.769629] md: raid1 personality registered for level 1
[    3.838347] raid6: sse2x1   gen()  8599 MB/s
[    3.906584] raid6: sse2x1   xor()  8561 MB/s
[    3.974924] raid6: sse2x2   gen() 17434 MB/s
[    4.042378] raid6: sse2x2   xor() 11500 MB/s
[    4.110712] raid6: sse2x4   gen() 18585 MB/s
[    4.179042] raid6: sse2x4   xor() 10874 MB/s
[    4.246429] raid6: avx2x1   gen() 20774 MB/s
[    4.315781] raid6: avx2x2   gen() 35742 MB/s
[    4.383133] raid6: avx2x4   gen() 34745 MB/s
[    4.383787] raid6: using algorithm avx2x2 gen() 35742 MB/s
[    4.384534] raid6: using avx2x2 recovery algorithm
[    4.385996] xor: automatically using best checksumming function:
[    4.427076]    avx       : 19311.000 MB/sec
[    4.428496] async_tx: api initialized (async)
[    4.434877] md: raid6 personality registered for level 6
[    4.435596] md: raid5 personality registered for level 5
[    4.436310] md: raid4 personality registered for level 4
[    4.440938] md: raid10 personality registered for level 10
done.
Begin: Running /scripts/init-premount ... done.
Begin: Mounting root file system ... Begin: Running /scripts/local-top ... done.
Begin: Running /scripts/local-premount ... [    4.461928] Btrfs loaded
Scanning for Btrfs filesystems
done.
Warning: fsck not present, so skipping root file system
[    4.478531] EXT4-fs (sda1): INFO: recovery required on readonly filesystem
[    4.479409] EXT4-fs (sda1): write access will be enabled during recovery
[    4.548237] EXT4-fs (sda1): orphan cleanup on readonly fs
[    4.566508] EXT4-fs (sda1): 7 orphan inodes deleted
[    4.567179] EXT4-fs (sda1): recovery complete
[    4.568273] EXT4-fs (sda1): mounted filesystem with ordered data mode. Opts: (null)
done.
Begin: Running /scripts/local-bottom ... done.
Begin: Running /scripts/init-bottom ... done.
[    4.631566] systemd[1]: systemd 229 running in system mode. (+PAM +AUDIT +SELINUX +IMA +APPARMOR +SMACK +SYSVINIT +UTMP +LIBCRYPTSETUP +GCRYPT +GNUTLS +ACL +XZ -LZ4 +SECCOMP +BLKID +ELFUTILS +KMOD -IDN)
[    4.633982] systemd[1]: Detected virtualization oracle.
[    4.634739] systemd[1]: Detected architecture x86-64.

Welcome to [1mUbuntu 16.04.6 LTS[0m!

[    4.636515] systemd[1]: Set hostname to <ubuntu-xenial>.
[    4.730618] systemd[1]: Listening on Device-mapper event daemon FIFOs.
[[0;32m  OK  [0m] Listening on Device-mapper event daemon FIFOs.
[    4.732309] systemd[1]: Listening on /dev/initctl Compatibility Named Pipe.
[[0;32m  OK  [0m] Listening on /dev/initctl Compatibility Named Pipe.
[    4.733977] systemd[1]: Listening on Syslog Socket.
[[0;32m  OK  [0m] Listening on Syslog Socket.
[    4.735252] systemd[1]: Reached target User and Group Name Lookups.
[[0;32m  OK  [0m] Reached target User and Group Name Lookups.
[    4.736895] systemd[1]: Listening on LVM2 metadata daemon socket.
[[0;32m  OK  [0m] Listening on LVM2 metadata daemon socket.
[    4.738434] systemd[1]: Reached target System Time Synchronized.
[[0;32m  OK  [0m] Reached target System Time Synchronized.
[    4.740025] systemd[1]: Started Trigger resolvconf update for networkd DNS.
[[0;32m  OK  [0m] Started Trigger resolvconf update for networkd DNS.
[    4.741781] systemd[1]: Listening on LVM2 poll daemon socket.
[[0;32m  OK  [0m] Listening on LVM2 poll daemon socket.
[    4.743315] systemd[1]: Started Forward Password Requests to Wall Directory Watch.
[[0;32m  OK  [0m] Started Forward Password Requests to Wall Directory Watch.
[    4.745364] systemd[1]: Listening on Journal Audit Socket.
[[0;32m  OK  [0m] Listening on Journal Audit Socket.
[    4.746845] systemd[1]: Listening on udev Control Socket.
[[0;32m  OK  [0m] Listening on udev Control Socket.
[    4.748284] systemd[1]: Reached target Swap.
[[0;32m  OK  [0m] Reached target Swap.
[    4.749690] systemd[1]: Set up automount Arbitrary Executable File Formats File System Automount Point.
[[0;32m  OK  [0m] Set up automount Arbitrary Executab...ats File System Automount Point.
[    4.752146] systemd[1]: Created slice System Slice.
[[0;32m  OK  [0m] Created slice System Slice.
[    4.753667] systemd[1]: Created slice system-serial\x2dgetty.slice.
[[0;32m  OK  [0m] Created slice system-serial\x2dgetty.slice.
[    4.755367] systemd[1]: Created slice system-postgresql.slice.
[[0;32m  OK  [0m] Created slice system-postgresql.slice.
[    4.756929] systemd[1]: Listening on Journal Socket (/dev/log).
[[0;32m  OK  [0m] Listening on Journal Socket (/dev/log).
[    4.758602] systemd[1]: Created slice User and Session Slice.
[[0;32m  OK  [0m] Created slice User and Session Slice.
[    4.760121] systemd[1]: Reached target Slices.
[[0;32m  OK  [0m] Reached target Slices.
[    4.761417] systemd[1]: Listening on udev Kernel Socket.
[[0;32m  OK  [0m] Listening on udev Kernel Socket.
[    4.762842] systemd[1]: Listening on Journal Socket.
[[0;32m  OK  [0m] Listening on Journal Socket.
[    4.782712] systemd[1]: Starting Remount Root and Kernel File Systems...
         Starting Remount Root and Kernel File Systems...
[    4.786056] systemd[1]: Starting Load Kernel Modules...
         Starting Load Kernel Modules...
[    4.787849] systemd[1]: Starting Monitoring of LVM2 mirrors, snapshots etc. using dmeventd or progress polling...
         Starting Monitoring of LVM2 mirrors... dmeventd or progress polling...
[    4.792453] EXT4-fs (sda1): re-mounted. Opts: (null)
[    4.794088] Loading iSCSI transport class v2.0-870.
[    4.795916] systemd[1]: Mounting Huge Pages File System...
         Mounting Huge Pages File System...
[    4.797538] systemd[1]: Starting Nameserver information manager...
         Starting Nameserver information manager...
[    4.799367] systemd[1]: Mounting POSIX Message Queue File System...
         Mounting POSIX Message Queue File System...
[    4.801177] systemd[1]: Starting Set console keymap...
         Starting Set console keymap...
[    4.804809] systemd[1]: Starting Uncomplicated firewall...
         Starting Uncomplicated firewall...
[    4.807891] systemd[1]: Starting Create list of required static device nodes for the current kernel...
         Starting Create list of required st... nodes for the current kernel...
[    4.811073] systemd[1]: Mounting Debug File System...
         Mounting Debug File System...
[    4.814886] systemd[1]: Starting Journal Service...
         [    4.815828] iscsi: registered transport (tcp)
Starting Journal Service...
[    4.817497] systemd[1]: Reached target Encrypted Volumes.
[[0;32m  OK  [0m] Reached target Encrypted Volumes.
[    4.827490] systemd[1]: Mounted Debug File System.
[[0;32m  OK  [0m] Mounted Debug File System.
[    4.828785] systemd[1]: Mounted Huge Pages File System.
[[0;32m  OK  [0m] Mounted Huge Pages File System.
[    4.830188] systemd[1]: Mounted POSIX Message Queue File System.
[[0;32m  OK  [0m] Mounted POSIX Message Queue File System.[    4.831624] random: nonblocking pool is initialized

[    4.832734] systemd[1]: Started Remount Root and Kernel File Systems.
[[0;32m  OK  [0m] Started Remount Root and Kernel File Systems.
[    4.839934] systemd[1]: Started Uncomplicated firewall.
[[0;32m  OK  [0m] Started Uncomplicated firewall.
[    4.841746] systemd[1]: Started Create list of required static device nodes for the current kernel.
[[0;32m  OK  [0m] Started Create list of required sta...ce nodes for the current kernel.
[    4.844490] systemd[1]: Started Nameserver information manager.
[[0;32m  OK  [0m] Started Nameserver information manager.
[    4.846608] systemd[1]: Started Journal Service.
[[0;32m  OK  [0m] Started Journal Service.
[[0;32m  OK  [0m] Started LVM2 metadata daemon.
         Starting Create Static Device Nodes in /dev...
         Starting udev Coldplug all Devices...
         Starting Flush Journal to Persistent Storage...
         Starting Load/Save Random Seed...
[[0;32m  OK  [0m] Started Load/Save Random Seed.
[    4.863856] systemd-journald[406]: Received request to flush runtime journal from PID 1
[[0;32m  OK  [0m] Started Flush Journal to Persistent Storage.
[[0;32m  OK  [0m] Started Create Static Device Nodes in /dev.
[    4.875388] iscsi: registered transport (iser)
         Starting udev Kernel Device Manager...
[[0;32m  OK  [0m] Started Load Kernel Modules.
[[0;32m  OK  [0m] Started Set console keymap.
         Mounting FUSE Control File System...
         Starting Apply Kernel Variables...
[[0;32m  OK  [0m] Mounted FUSE Control File System.
[[0;32m  OK  [0m] Started Apply Kernel Variables.
[[0;32m  OK  [0m] Started udev Coldplug all Devices.
[[0;32m  OK  [0m] Started udev Kernel Device Manager.
[[0;32m  OK  [0m] Started Dispatch Password Requests to Console Directory Watch.
[[0;32m  OK  [0m] Started Monitoring of LVM2 mirrors,...ng dmeventd or progress polling.
[[0;32m  OK  [0m] Reached target Local File Systems (Pre).
[[0;32m  OK  [0m] Reached target Local File Systems.
         Starting Create Volatile Files and Directories...
         Starting Tell Plymouth To Write Out Runtime Data...
         Starting LSB: AppArmor initialization...
         Starting Set console font and keymap...
         Starting Initial cloud-init job (pre-networking)...
[[0;32m  OK  [0m] Started Tell Plymouth To Write Out Runtime Data.
[[0;32m  OK  [0m] Started Create Volatile Files and Directories.
[[0;32m  OK  [0m] Found device /dev/ttyS0.
         Starting Update UTMP about System Boot/Shutdown...
[[0;32m  OK  [0m] Started Update UTMP about System Boot/Shutdown.
[[0;32m  OK  [0m] Listening on Load/Save RF Kill Switch Status /dev/rfkill Watch.
[[0;32m  OK  [0m] Started LSB: AppArmor initialization.
[[0;32m  OK  [0m] Found device 82540EM Gigabit Ethern...r (PRO/1000 MT Desktop Adapter).
[[0;32m  OK  [0m] Started Set console font and keymap.
[[0;32m  OK  [0m] Created slice system-getty.slice.
[[0;32m  OK  [0m] Found device 82540EM Gigabit Ethern...r (PRO/1000 MT Desktop Adapter).
[    5.378527] cloud-init[501]: Cloud-init v. 19.4-33-gbb4131a2-0ubuntu1~16.04.1 running 'init-local' at Fri, 29 May 2020 04:46:49 +0000. Up 5.24 seconds.
[[0;32m  OK  [0m] Started Initial cloud-init job (pre-networking).
[[0;32m  OK  [0m] Reached target Network (Pre).
[[0;32m  OK  [0m] Started ifup for enp0s8.
         Starting Raise network interfaces...
[[0;32m  OK  [0m] Started ifup for enp0s3.
[[0;32m  OK  [0m] Started Raise network interfaces.
         Starting Initial cloud-init job (metadata service crawler)...
[[0;32m  OK  [0m] Reached target Network.
[    5.816491] cloud-init[1074]: Cloud-init v. 19.4-33-gbb4131a2-0ubuntu1~16.04.1 running 'init' at Fri, 29 May 2020 04:46:49 +0000. Up 5.67 seconds.
[    5.817798] cloud-init[1074]: ci-info: ++++++++++++++++++++++++++++++++++++++Net device info+++++++++++++++++++++++++++++++++++++++
[    5.818987] cloud-init[1074]: ci-info: +--------+------+-----------------------------+---------------+--------+-------------------+
[    5.820159] cloud-init[1074]: ci-info: | Device |  Up  |           Address           |      Mask     | Scope  |     Hw-Address    |
[    5.821531] cloud-init[1074]: ci-info: +--------+------+-----------------------------+---------------+--------+-------------------+
[    5.824301] cloud-init[1074]: ci-info: | enp0s3 | True |          10.0.2.15          | 255.255.255.0 | global | 02:38:f8:91:fa:5a |
[    5.825517] cloud-init[1074]: ci-info: | enp0s3 | True |  fe80::38:f8ff:fe91:fa5a/64 |       .       |  link  | 02:38:f8:91:fa:5a |
[    5.826742] cloud-init[1074]: ci-info: | enp0s8 | True |        192.168.33.10        | 255.255.255.0 | global | 08:00:27:d6:74:62 |
[    5.827919] cloud-init[1074]: ci-info: | enp0s8 | True | fe80::a00:27ff:fed6:7462/64 |       .       |  link  | 08:00:27:d6:74:62 |
[    5.829138] cloud-init[1074]: ci-info: |   lo   | True |          127.0.0.1          |   255.0.0.0   |  host  |         .         |
[    5.830344] cloud-init[1074]: ci-info: |   lo   | True |           ::1/128           |       .       |  host  |         .         |
[    5.831525] cloud-init[1074]: ci-info: +--------+------+-----------------------------+---------------+--------+-------------------+
[    5.832678] cloud-init[1074]: ci-info: ++++++++++++++++++++++++++++Route IPv4 info++++++++++++++++++++++++++++
[    5.833702] cloud-init[1074]: ci-info: +-------+--------------+----------+---------------+-----------+-------+
[    5.834721] cloud-init[1074]: ci-info: | Route | Destination  | Gateway  |    Genmask    | Interface | Flags |
[    5.835704] cloud-init[1074]: ci-info: +-------+--------------+----------+---------------+-----------+-------+
[    5.836724] cloud-init[1074]: ci-info: |   0   |   0.0.0.0    | 10.0.2.2 |    0.0.0.0    |   enp0s3  |   UG  |
[    5.837750] cloud-init[1074]: ci-info: |   1   |   10.0.2.0   | 0.0.0.0  | 255.255.255.0 |   enp0s3  |   U   |
[    5.838748] cloud-init[1074]: ci-info: |   2   | 192.168.33.0 | 0.0.0.0  | 255.255.255.0 |   enp0s8  |   U   |
[    5.839756] cloud-init[1074]: ci-info: +-------+--------------+----------+---------------+-----------+-------+
[    5.840784] cloud-init[1074]: ci-info: +++++++++++++++++++Route IPv6 info+++++++++++++++++++
[    5.841676] cloud-init[1074]: ci-info: +-------+-------------+---------+-----------+-------+
[    5.842532] cloud-init[1074]: ci-info: | Route | Destination | Gateway | Interface | Flags |
[    5.843351] cloud-init[1074]: ci-info: +-------+-------------+---------+-----------+-------+
[    5.844218] cloud-init[1074]: ci-info: |   0   |  fe80::/64  |    ::   |   enp0s8  |   U   |
[    5.844995] cloud-init[1074]: ci-info: |   1   |  fe80::/64  |    ::   |   enp0s3  |   U   |
[    5.845864] cloud-init[1074]: ci-info: |   4   |   ff00::/8  |    ::   |   enp0s8  |   U   |
[    5.846739] cloud-init[1074]: ci-info: |   5   |   ff00::/8  |    ::   |   enp0s3  |   U   |
[    5.847672] cloud-init[1074]: ci-info: +-------+-------------+---------+-----------+-------+
[[0;32m  OK  [0m] Started Initial cloud-init job (metadata service crawler).
[[0;32m  OK  [0m] Reached target Cloud-config availability.
[[0;32m  OK  [0m] Reached target System Initialization.
[[0;32m  OK  [0m] Started Daily Cleanup of Temporary Directories.
[[0;32m  OK  [0m] Listening on ACPID Listen Socket.
[[0;32m  OK  [0m] Started Message of the Day.
[[0;32m  OK  [0m] Listening on UUID daemon activation socket.
[[0;32m  OK  [0m] Started ACPI Events Check.
[[0;32m  OK  [0m] Reached target Paths.
         Starting LXD - unix socket.
[[0;32m  OK  [0m] Listening on D-Bus System Message Bus Socket.
[[0;32m  OK  [0m] Started Daily apt download activities.
[[0;32m  OK  [0m] Started Daily apt upgrade and clean activities.
[[0;32m  OK  [0m] Reached target Timers.
         Starting Socket activation for snappy daemon.
[[0;32m  OK  [0m] Reached target Network is Online.
         Starting iSCSI initiator daemon (iscsid)...
[[0;32m  OK  [0m] Listening on LXD - unix socket.
[[0;32m  OK  [0m] Listening on Socket activation for snappy daemon.
[[0;32m  OK  [0m] Reached target Sockets.
[[0;32m  OK  [0m] Reached target Basic System.
[[0;32m  OK  [0m] Started D-Bus System Message Bus.
         Starting System Logging Service...
[[0;32m  OK  [0m] Started ACPI event daemon.
[[0;32m  OK  [0m] Started Regular background program processing daemon.
         Starting Message of the Day...
         Starting /etc/rc.local Compatibility...
         Starting LXD - container startup/shutdown...
         Starting LSB: MD monitoring daemon...
         Starting LSB: Record successful boot for GRUB...
         Starting OpenBSD Secure Shell server...
         Starting vboxadd.service...
         Starting PostgreSQL Cluster 9.5-main...
[[0;32m  OK  [0m] Started Deferred execution scheduler.
[[0;32m  OK  [0m] Started FUSE filesystem for LXC.
         Starting Login Service...
         Starting Accounts Service...
         Starting Snappy daemon...
[[0;32m  OK  [0m] Started iSCSI initiator daemon (iscsid).
[[0;32m  OK  [0m] Started /etc/rc.local Compatibility.
         Starting Login to default iSCSI targets...
[[0;32m  OK  [0m] Started Login to default iSCSI targets.
[[0;32m  OK  [0m] Reached target Remote File Systems (Pre).
[[0;32m  OK  [0m] Reached target Remote File Systems.
         Starting LSB: automatic crash report generation...
         Starting LSB: Set the CPU Frequency Scaling governor to "ondemand"...
         Starting LSB: daemon to balance interrupts for SMP systems...
         Starting LSB: Start/stop sysstat's sadc...
         Starting Permit User Sessions...
[[0;32m  OK  [0m] Started LSB: MD monitoring daemon.
[[0;32m  OK  [0m] Started Permit User Sessions.
[[0;32m  OK  [0m] Started LSB: Set the CPU Frequency Scaling governor to "ondemand".
[[0;32m  OK  [0m] Started LSB: Record successful boot for GRUB.
         Starting Terminate Plymouth Boot Screen...
         Starting Hold until boot process finishes up...
[[0;32m  OK  [0m] Started System Logging Service.
[[0;32m  OK  [0m] Started LSB: automatic crash report generation.
[[0;32m  OK  [0m] Started Terminate Plymouth Boot Screen.
[[0;32m  OK  [0m] Started Hold until boot process finishes up.
[[0;32m  OK  [0m] Started Getty on tty1.
         Starting Set console scheme...
[[0;32m  OK  [0m] Started Serial Getty on ttyS0.
[[0;32m  OK  [0m] Reached target Login Prompts.
[[0;32m  OK  [0m] Started LSB: Start/stop sysstat's sadc.
[[0;32m  OK  [0m] Started Set console scheme.
[[0;32m  OK  [0m] Started OpenBSD Secure Shell server.
[[0;32m  OK  [0m] Started Login Service.
[[0;32m  OK  [0m] Started LSB: daemon to balance interrupts for SMP systems.
[[0;32m  OK  [0m] Started Unattended Upgrades Shutdown.
         Starting Authenticate and Authorize Users to Run Privileged Tasks...
[[0;32m  OK  [0m] Started Authenticate and Authorize Users to Run Privileged Tasks.
[[0;32m  OK  [0m] Started Accounts Service.
[[0;32m  OK  [0m] Started LXD - container startup/shutdown.
[[0;32m  OK  [0m] Started Snappy daemon.
         Starting Wait until snapd is fully seeded...
[[0;32m  OK  [0m] Started Wait until snapd is fully seeded.
         Starting Apply the settings specified in cloud-config...
[    6.519485] cloud-init[1363]: Cloud-init v. 19.4-33-gbb4131a2-0ubuntu1~16.04.1 running 'modules:config' at Fri, 29 May 2020 04:46:50 +0000. Up 6.46 seconds.
[[0;32m  OK  [0m] Started Apply the settings specified in cloud-config.
[[0;32m  OK  [0m] Started vboxadd.service.
         Starting vboxadd-service.service...
[[0;32m  OK  [0m] Started vboxadd-service.service.
[[0;32m  OK  [0m] Started PostgreSQL Cluster 9.5-main.
         Starting PostgreSQL RDBMS...
[[0;32m  OK  [0m] Started PostgreSQL RDBMS.
[[0;32m  OK  [0m] Reached target Multi-User System.
         Starting Execute cloud user/final scripts...
[[0;32m  OK  [0m] Reached target Graphical Interface.
         Starting Update UTMP about System Runlevel Changes...
[[0;32m  OK  [0m] Started Update UTMP about System Runlevel Changes.
[    8.480591] cloud-init[1470]: Cloud-init v. 19.4-33-gbb4131a2-0ubuntu1~16.04.1 running 'modules:final' at Fri, 29 May 2020 04:46:52 +0000. Up 8.42 seconds.
[    8.481997] cloud-init[1470]: Cloud-init v. 19.4-33-gbb4131a2-0ubuntu1~16.04.1 finished at Fri, 29 May 2020 04:46:52 +0000. Datasource DataSourceNoCloud [seed=/dev/sdb][dsmode=net].  Up 8.47 seconds
[[0;32m  OK  [0m] Started Execute cloud user/final scripts.
         Starting Daily apt download activities...
[[0;32m  OK  [0m] Reached target Cloud-init target.
[[0;32m  OK  [0m] Started Message of the Day.

Ubuntu 16.04.6 LTS ubuntu-xenial ttyS0

ubuntu-xenial login: [  917.621090] e1000 0000:00:03.0 enp0s3: Detected Tx Unit Hang
[  917.621090]   Tx Queue             <0>
[  917.621090]   TDH                  <c0>
[  917.621090]   TDT                  <c4>
[  917.621090]   next_to_use          <c4>
[  917.621090]   next_to_clean        <c0>
[  917.621090] buffer_info[next_to_clean]
[  917.621090]   time_stamp           <100025a26>
[  917.621090]   next_to_watch        <c3>
[  917.621090]   jiffies              <100025b70>
[  917.621090]   next_to_watch.status <0>
[  919.625487] e1000 0000:00:03.0 enp0s3: Detected Tx Unit Hang
[  919.625487]   Tx Queue             <0>
[  919.625487]   TDH                  <c0>
[  919.625487]   TDT                  <c4>
[  919.625487]   next_to_use          <c4>
[  919.625487]   next_to_clean        <c0>
[  919.625487] buffer_info[next_to_clean]
[  919.625487]   time_stamp           <100025a26>
[  919.625487]   next_to_watch        <c3>
[  919.625487]   jiffies              <100025d65>
[  919.625487]   next_to_watch.status <0>
[  921.627052] e1000 0000:00:03.0 enp0s3: Detected Tx Unit Hang
[  921.627052]   Tx Queue             <0>
[  921.627052]   TDH                  <c0>
[  921.627052]   TDT                  <c4>
[  921.627052]   next_to_use          <c4>
[  921.627052]   next_to_clean        <c0>
[  921.627052] buffer_info[next_to_clean]
[  921.627052]   time_stamp           <100025a26>
[  921.627052]   next_to_watch        <c3>
[  921.627052]   jiffies              <100025f5a>
[  921.627052]   next_to_watch.status <0>
[  923.630392] e1000 0000:00:03.0 enp0s3: Detected Tx Unit Hang
[  923.630392]   Tx Queue             <0>
[  923.630392]   TDH                  <c0>
[  923.630392]   TDT                  <c4>
[  923.630392]   next_to_use          <c4>
[  923.630392]   next_to_clean        <c0>
[  923.630392] buffer_info[next_to_clean]
[  923.630392]   time_stamp           <100025a26>
[  923.630392]   next_to_watch        <c3>
[  923.630392]   jiffies              <10002614f>
[  923.630392]   next_to_watch.status <0>
[  925.520372] e1000 0000:00:03.0 enp0s3: Reset adapter
[[0;32m  OK  [0m] Stopped target Timers.
         Stopping Session 22 of user vagrant.
[[0;32m  OK  [0m] Closed Load/Save RF Kill Switch Status /dev/rfkill Watch.
         Stopping Authenticate and Authorize Users to Run Privileged Tasks...
         Stopping ACPI event daemon...
[[0;32m  OK  [0m] Stopped target Cloud-init target.
[[0;32m  OK  [0m] Stopped Execute cloud user/final scripts.
[[0;32m  OK  [0m] Stopped Apply the settings specified in cloud-config.
[[0;32m  OK  [0m] Stopped target Cloud-config availability.
[[0;32m  OK  [0m] Stopped Daily Cleanup of Temporary Directories.
[[0;32m  OK  [0m] Stopped Daily apt upgrade and clean activities.
[[0;32m  OK  [0m] Stopped Daily apt download activities.
[[0;32m  OK  [0m] Stopped Message of the Day.
[[0;32m  OK  [0m] Stopped target System Time Synchronized.
[[0;32m  OK  [0m] Stopped target Graphical Interface.
         Stopping Accounts Service...
[[0;32m  OK  [0m] Stopped target Multi-User System.
[[0;32m  OK  [0m] Stopped Wait until snapd is fully seeded.
[[0;32m  OK  [0         Stopping Serial Getty on ttyS0...
         Stopping Getty on tty1...
         Stopping LXD - container startup/shutdown...
[[0;32m  OK  [0m] Stopped PostgreSQL RDBMS.
         Stopping PostgreSQL Cluster 9.5-main...
         Stopping Deferred execution scheduler...
         Stopping Unattended Upgrades Shutdown...
         Stopping LSB: Set the CPU Frequency Scaling governor to "ondemand"...
         Stopping FUSE filesystem for LXC...
         Stopping D-Bus System Message Bus...
         Stopping Regular background program processing daemon...
         Stopping LSB: automatic crash report generation...
         Stopping OpenBSD Secure Shell server...
         Stopping System Logging Service...
         Stopping LSB: daemon to balance interrupts for SMP systems...
         Stopping LSB: MD monitoring daemon...
         Stopping LSB: Record successful boot for GRUB...
         Stopping vboxadd-service.service...
         Stopping LSB: Start/stop sysstat's sadc...
         Stopping User Manager for UID 1000...
[[0;32m  OK  [0m] Unmounted /var/lib/lxcfs.
[[0;32m  OK  [0m] Stopped System Logging Service.
[[0;32m  OK  [0m] Stopped Regular background program processing daemon.
[[0;32m  OK  [0m] Stopped Deferred execution scheduler.
[[0;32m  OK  [0m] Stopped Accounts Service.
[[0;32m  OK  [0m] Stopped Getty on tty1.
[[0;32m  OK  [0m] Stopped Serial Getty on ttyS0.
[[0;32m  OK  [0m] Stopped OpenBSD Secure Shell server.
[[0;32m  OK  [0m] Stopped Unattended Upgrades Shutdown.
[[0;32m  OK  [0m] Stopped Authenticate and Authorize Users to Run Privileged Tasks.
[[0;32m  OK  [0m] Stopped User Manager for UID 1000.
[[0;32m  OK  [0m] Stopped Session 22 of user vagrant.
[[0;32m  OK  [0m] Stopped D-Bus System Message Bus.
[[0;32m  OK  [0m] Stopped FUSE filesystem for LXC.
[[0;32m  OK  [0m] Stopped ACPI event daemon.
[[0;32m  OK  [0m] Stopped LXD - container startup/shutdown.
[[0;32m  OK  [0m] Stopped LSB: Set the CPU Frequency Scaling governor to "ondemand".
[[0;32m  OK  [0m] Stopped LSB: daemon to balance interrupts for SMP systems.
[[0;32m  OK  [0m] Stopped vboxadd-service.service.
[[0;32m  OK  [0m] Stopped LSB: Start/stop sysstat's sadc.
[[0;32m  OK  [0m] Stopped LSB: MD monitoring daemon.
[[0;32m  OK  [0m] Stopped LSB: Record successful boot for GRUB.
[[0;32m  OK  [0m] Stopped LSB: automatic crash report generation.
         Stopping vboxadd.service...
[[0;32m  OK  [0m] Removed slice User Slice of vagrant.
         Stopping Login Service...
[[0;32m  OK  [0m] Removed slice system-serial\x2dgetty.slice.
[[0;32m  OK  [0m] Stopped /etc/rc.local Compatibility.
[[0;32m  OK  [0m] Removed slice system-getty.slice.
         Stopping Permit User Sessions...
[[0;32m  OK  [0m] Stopped Permit User Sessions.
[[0;32m  OK  [0m] Stopped target Remote File Systems.
[[0;32m  OK  [0m] Stopped target Remote File Systems (Pre).
         Stopping Login to default iSCSI targets...
[[0;32m  OK  [0m] Unmounted /vagrant.
[[0;32m  OK  [0m] Stopped Login to default iSCSI targets.
         Stopping iSCSI initiator daemon (iscsid)...
[[0;32m  OK  [0m] Stopped iSCSI initiator daemon (iscsid).
[[0;32m  OK  [0m] Stopped target Network is Online.
[[0;32m  OK  [0m] Stopped target Network.
[[0;32m  OK  [0m] Unmounted /app.
[[0;32m  OK  [0m] Stopped vboxadd.service.
[[0;32m  OK  [0m] Stopped Login Service.
[[0;32m  OK  [0m] Stopped target User and Group Name Lookups.
[[0;32m  OK  [0m] Stopped PostgreSQL Cluster 9.5-main.
[[0;32m  OK  [0m] Removed slice system-postgresql.slice.
[[0;32m  OK  [0m] Stopped target Basic System.
[[0;32m  OK  [0m] Stopped target Slices.
[[0;32m  OK  [0m] Removed slice User and Session Slice.
[[0;32m  OK  [0m] Stopped target Paths.
[[0;32m  OK  [0m] Stopped Forward Password Requests to Wall Directory Watch.
[[0;32m  OK  [0m] Stopped Dispatch Password Requests to Console Directory Watch.
[[0;32m  OK  [0m] Stopped ACPI Events Check.
[[0;32m  OK  [0m] Stopped target Sockets.
[[0;32m  OK  [0m] Closed UUID daemon activation socket.
[[0;32m  OK  [0m] Closed Syslog Socket.
[[0;32m  OK  [0m] Closed ACPID Listen Socket.
[[0;32m  OK  [0m] Closed LXD - unix socket.
[[0;32m  OK  [0m] Closed Socket activation for snappy daemon.
[[0;32m  OK  [0m] Closed D-Bus System Message Bus Socket.
[[0;32m  OK  [0m] Stopped target System Initialization.
[[0;32m  OK  [0m] Stopped target Swap.
         Stopping Load/Save Random Seed...
[[0;32m  OK  [0m] Stopped Create Volatile Files and Directories.
[[0;32m  OK  [0m] Stopped Initial cloud-init job (metadata service crawler).
         Stopping Raise network interfaces...
[[0;32m  OK  [0m] Stopped target Encrypted Volumes.
[[0;32m  OK  [0m] Stopped Load/Save Random Seed.
[[0;32m  OK  [0m] Stopped Raise network interfaces.
[[0;32m  OK  [0m] Stopped target Local File Systems.
         Unmounting /run/user/1000...
[[0;32m  OK  [0m] Stopped target Network (Pre).
[[0;32m  OK  [0m] Stopped Initial cloud-init job (pre-networking).
[[0;32m  OK  [0m] Stopped Apply Kernel Variables.
[[0;32m  OK  [0m] Stopped Load Kernel Modules.
[[0;32m  OK  [0m] Unmounted /run/user/1000.
[[0;32m  OK  [0m] Reached target Unmount All Filesystems.
[[0;32m  OK  [0m] Stopped target Local File Systems (Pre).
[[0;32m  OK  [0m] Stopped Create Static Device Nodes in /dev.
[[0;32m  OK  [0m] Stopped Remount Root and Kernel File Systems.
[[0;32m  OK  [0m] Reached target Shutdown.
[ 8397.222737] reboot: Power down
